<?xml version="1.0" encoding="UTF-8" ?>
<testsuite errors="0" failures="0" hostname="cerberus" name="sonia.ant.MercurialVersionTest" tests="1" time="65.949" timestamp="2009-05-07T08:17:40">
  <properties>
    <property name="java.runtime.name" value="Java(TM) SE Runtime Environment" />
    <property name="sun.boot.library.path" value="/opt/java/jdk1.6.0_13/jre/lib/amd64" />
    <property name="java.vm.version" value="11.3-b02" />
    <property name="java.vm.vendor" value="Sun Microsystems Inc." />
    <property name="java.vendor.url" value="http://java.sun.com/" />
    <property name="path.separator" value=":" />
    <property name="java.vm.name" value="Java HotSpot(TM) 64-Bit Server VM" />
    <property name="file.encoding.pkg" value="sun.io" />
    <property name="user.country" value="US" />
    <property name="sun.java.launcher" value="SUN_STANDARD" />
    <property name="sun.os.patch.level" value="unknown" />
    <property name="java.vm.specification.name" value="Java Virtual Machine Specification" />
    <property name="user.dir" value="/home/sdorra/Projects/jab/SoniaAnt" />
    <property name="java.runtime.version" value="1.6.0_13-b03" />
    <property name="java.awt.graphicsenv" value="sun.awt.X11GraphicsEnvironment" />
    <property name="java.endorsed.dirs" value="/opt/java/jdk1.6.0_13/jre/lib/endorsed" />
    <property name="os.arch" value="amd64" />
    <property name="java.io.tmpdir" value="/tmp" />
    <property name="line.separator" value="
" />
    <property name="java.vm.specification.vendor" value="Sun Microsystems Inc." />
    <property name="os.name" value="Linux" />
    <property name="sun.jnu.encoding" value="ISO-8859-15" />
    <property name="java.library.path" value="/opt/java/jdk1.6.0_13/jre/lib/amd64/server:/opt/java/jdk1.6.0_13/jre/lib/amd64:/opt/java/jdk1.6.0_13/jre/../lib/amd64:/usr/java/packages/lib/amd64:/lib:/usr/lib" />
    <property name="java.specification.name" value="Java Platform API Specification" />
    <property name="java.class.version" value="50.0" />
    <property name="sun.management.compiler" value="HotSpot 64-Bit Server Compiler" />
    <property name="os.version" value="2.6.24-24-generic" />
    <property name="user.home" value="/home/sdorra" />
    <property name="user.timezone" value="" />
    <property name="java.awt.printerjob" value="sun.print.PSPrinterJob" />
    <property name="file.encoding" value="ISO-8859-15" />
    <property name="java.specification.version" value="1.6" />
    <property name="user.name" value="sdorra" />
    <property name="java.class.path" value="/opt/netbeans/netbeans-6.5.1/java2/ant/patches/72080.jar:/opt/netbeans/netbeans-6.5.1/java2/ant/patches/ant-42275.jar:/opt/netbeans/netbeans-6.5.1/java2/ant/lib/ant.jar:/opt/netbeans/netbeans-6.5.1/java2/ant/lib/ant-junit.jar:/home/sdorra/Projects/jab/libraries/Ant/ant.jar:/home/sdorra/Projects/jab/SoniaAnt/build/classes:/home/sdorra/Projects/jab/SoniaAnt/src:/home/sdorra/Projects/jab/libraries/junit_4/junit-4.1.jar:/home/sdorra/Projects/jab/SoniaAnt/build/test/classes:/home/sdorra/Projects/jab/SoniaAnt/test" />
    <property name="java.vm.specification.version" value="1.0" />
    <property name="sun.arch.data.model" value="64" />
    <property name="java.home" value="/opt/java/jdk1.6.0_13/jre" />
    <property name="java.specification.vendor" value="Sun Microsystems Inc." />
    <property name="user.language" value="en" />
    <property name="java.vm.info" value="mixed mode" />
    <property name="java.version" value="1.6.0_13" />
    <property name="java.ext.dirs" value="/opt/java/jdk1.6.0_13/jre/lib/ext:/usr/java/packages/lib/ext" />
    <property name="sun.boot.class.path" value="/opt/java/jdk1.6.0_13/jre/lib/resources.jar:/opt/java/jdk1.6.0_13/jre/lib/rt.jar:/opt/java/jdk1.6.0_13/jre/lib/sunrsasign.jar:/opt/java/jdk1.6.0_13/jre/lib/jsse.jar:/opt/java/jdk1.6.0_13/jre/lib/jce.jar:/opt/java/jdk1.6.0_13/jre/lib/charsets.jar:/opt/java/jdk1.6.0_13/jre/classes" />
    <property name="java.vendor" value="Sun Microsystems Inc." />
    <property name="file.separator" value="/" />
    <property name="java.vendor.url.bug" value="http://java.sun.com/cgi-bin/bugreport.cgi" />
    <property name="sun.cpu.endian" value="little" />
    <property name="sun.io.unicode.encoding" value="UnicodeLittle" />
    <property name="sun.desktop" value="gnome" />
    <property name="sun.cpu.isalist" value="" />
  </properties>
  <testcase classname="sonia.ant.MercurialVersionTest" name="test" time="65.836" />
  <system-out><![CDATA[]]></system-out>
  <system-err><![CDATA[]]></system-err>
</testsuite>
